2012-09-08 20:46:08.084 GMT Thread[main,5,main] Cleanup action starting
java.sql.SQLException: Database '[dbName]' not found.
	at org.apache.derby.impl.jdbc.SQLExceptionFactory40.getSQLException(Unknown Source)
	at org.apache.derby.impl.jdbc.Util.newEmbedSQLException(Unknown Source)
	at org.apache.derby.impl.jdbc.Util.newEmbedSQLException(Unknown Source)
	at org.apache.derby.impl.jdbc.Util.generateCsSQLException(Unknown Source)
	at org.apache.derby.impl.jdbc.EmbedConnection.newSQLException(Unknown Source)
	at org.apache.derby.impl.jdbc.EmbedConnection.handleDBNotFound(Unknown Source)
	at org.apache.derby.impl.jdbc.EmbedConnection.<init>(Unknown Source)
	at org.apache.derby.impl.jdbc.EmbedConnection30.<init>(Unknown Source)
	at org.apache.derby.impl.jdbc.EmbedConnection40.<init>(Unknown Source)
	at org.apache.derby.jdbc.Driver40.getNewEmbedConnection(Unknown Source)
	at org.apache.derby.jdbc.InternalDriver.connect(Unknown Source)
	at org.apache.derby.jdbc.AutoloadedDriver.connect(Unknown Source)
	at java.sql.DriverManager.getConnection(DriverManager.java:582)
	at java.sql.DriverManager.getConnection(DriverManager.java:154)
	at org.enhydra.jdbc.standard.StandardDataSource.getConnection(StandardDataSource.java:206)
	at org.enhydra.jdbc.standard.StandardDataSource.getConnection(StandardDataSource.java:144)
	at org.mule.transport.jdbc.JdbcConnector.getConnection(JdbcConnector.java:247)
	at org.mule.transport.jdbc.JdbcConnector.doConnect(JdbcConnector.java:371)
	at org.mule.transport.AbstractConnector$5.doWork(AbstractConnector.java:1556)
	at org.mule.retry.policies.AbstractPolicyTemplate.execute(AbstractPolicyTemplate.java:67)
	at org.mule.transport.AbstractConnector.connect(AbstractConnector.java:1616)
	at org.mule.transport.AbstractConnector.start(AbstractConnector.java:428)
	at sun.reflect.NativeMethodAccessorImpl.invoke0(Native Method)
	at sun.reflect.NativeMethodAccessorImpl.invoke(NativeMethodAccessorImpl.java:39)
	at sun.reflect.DelegatingMethodAccessorImpl.invoke(DelegatingMethodAccessorImpl.java:25)
	at java.lang.reflect.Method.invoke(Method.java:597)
	at org.mule.lifecycle.phases.DefaultLifecyclePhase.applyLifecycle(DefaultLifecyclePhase.java:225)
	at org.mule.lifecycle.RegistryLifecycleManager$RegistryLifecycleCallback.onTransition(RegistryLifecycleManager.java:276)
	at org.mule.lifecycle.RegistryLifecycleManager.invokePhase(RegistryLifecycleManager.java:155)
	at org.mule.lifecycle.RegistryLifecycleManager.fireLifecycle(RegistryLifecycleManager.java:126)
	at org.mule.registry.AbstractRegistryBroker.fireLifecycle(AbstractRegistryBroker.java:80)
	at org.mule.registry.MuleRegistryHelper.fireLifecycle(MuleRegistryHelper.java:120)
	at org.mule.lifecycle.MuleContextLifecycleManager$MuleContextLifecycleCallback.onTransition(MuleContextLifecycleManager.java:94)
	at org.mule.lifecycle.MuleContextLifecycleManager$MuleContextLifecycleCallback.onTransition(MuleContextLifecycleManager.java:90)
	at org.mule.lifecycle.MuleContextLifecycleManager.invokePhase(MuleContextLifecycleManager.java:72)
	at org.mule.lifecycle.MuleContextLifecycleManager.fireLifecycle(MuleContextLifecycleManager.java:64)
	at org.mule.DefaultMuleContext.start(DefaultMuleContext.java:250)
	at org.mule.module.launcher.application.DefaultMuleApplication.start(DefaultMuleApplication.java:151)
	at org.mule.module.launcher.application.ApplicationWrapper.start(ApplicationWrapper.java:107)
	at org.mule.module.launcher.DefaultMuleDeployer.deploy(DefaultMuleDeployer.java:47)
	at org.mule.tooling.server.application.ApplicationDeployer.run(ApplicationDeployer.java:56)
	at org.mule.tooling.server.application.ApplicationDeployer.main(ApplicationDeployer.java:88)
Caused by: java.sql.SQLException: Database '[dbName]' not found.
	at org.apache.derby.impl.jdbc.SQLExceptionFactory.getSQLException(Unknown Source)
	at org.apache.derby.impl.jdbc.SQLExceptionFactory40.wrapArgsForTransportAcrossDRDA(Unknown Source)
	... 42 more
============= begin nested exception, level (1) ===========
java.sql.SQLException: Database '[dbName]' not found.
	at org.apache.derby.impl.jdbc.SQLExceptionFactory.getSQLException(Unknown Source)
	at org.apache.derby.impl.jdbc.SQLExceptionFactory40.wrapArgsForTransportAcrossDRDA(Unknown Source)
	at org.apache.derby.impl.jdbc.SQLExceptionFactory40.getSQLException(Unknown Source)
	at org.apache.derby.impl.jdbc.Util.newEmbedSQLException(Unknown Source)
	at org.apache.derby.impl.jdbc.Util.newEmbedSQLException(Unknown Source)
	at org.apache.derby.impl.jdbc.Util.generateCsSQLException(Unknown Source)
	at org.apache.derby.impl.jdbc.EmbedConnection.newSQLException(Unknown Source)
	at org.apache.derby.impl.jdbc.EmbedConnection.handleDBNotFound(Unknown Source)
	at org.apache.derby.impl.jdbc.EmbedConnection.<init>(Unknown Source)
	at org.apache.derby.impl.jdbc.EmbedConnection30.<init>(Unknown Source)
	at org.apache.derby.impl.jdbc.EmbedConnection40.<init>(Unknown Source)
	at org.apache.derby.jdbc.Driver40.getNewEmbedConnection(Unknown Source)
	at org.apache.derby.jdbc.InternalDriver.connect(Unknown Source)
	at org.apache.derby.jdbc.AutoloadedDriver.connect(Unknown Source)
	at java.sql.DriverManager.getConnection(DriverManager.java:582)
	at java.sql.DriverManager.getConnection(DriverManager.java:154)
	at org.enhydra.jdbc.standard.StandardDataSource.getConnection(StandardDataSource.java:206)
	at org.enhydra.jdbc.standard.StandardDataSource.getConnection(StandardDataSource.java:144)
	at org.mule.transport.jdbc.JdbcConnector.getConnection(JdbcConnector.java:247)
	at org.mule.transport.jdbc.JdbcConnector.doConnect(JdbcConnector.java:371)
	at org.mule.transport.AbstractConnector$5.doWork(AbstractConnector.java:1556)
	at org.mule.retry.policies.AbstractPolicyTemplate.execute(AbstractPolicyTemplate.java:67)
	at org.mule.transport.AbstractConnector.connect(AbstractConnector.java:1616)
	at org.mule.transport.AbstractConnector.start(AbstractConnector.java:428)
	at sun.reflect.NativeMethodAccessorImpl.invoke0(Native Method)
	at sun.reflect.NativeMethodAccessorImpl.invoke(NativeMethodAccessorImpl.java:39)
	at sun.reflect.DelegatingMethodAccessorImpl.invoke(DelegatingMethodAccessorImpl.java:25)
	at java.lang.reflect.Method.invoke(Method.java:597)
	at org.mule.lifecycle.phases.DefaultLifecyclePhase.applyLifecycle(DefaultLifecyclePhase.java:225)
	at org.mule.lifecycle.RegistryLifecycleManager$RegistryLifecycleCallback.onTransition(RegistryLifecycleManager.java:276)
	at org.mule.lifecycle.RegistryLifecycleManager.invokePhase(RegistryLifecycleManager.java:155)
	at org.mule.lifecycle.RegistryLifecycleManager.fireLifecycle(RegistryLifecycleManager.java:126)
	at org.mule.registry.AbstractRegistryBroker.fireLifecycle(AbstractRegistryBroker.java:80)
	at org.mule.registry.MuleRegistryHelper.fireLifecycle(MuleRegistryHelper.java:120)
	at org.mule.lifecycle.MuleContextLifecycleManager$MuleContextLifecycleCallback.onTransition(MuleContextLifecycleManager.java:94)
	at org.mule.lifecycle.MuleContextLifecycleManager$MuleContextLifecycleCallback.onTransition(MuleContextLifecycleManager.java:90)
	at org.mule.lifecycle.MuleContextLifecycleManager.invokePhase(MuleContextLifecycleManager.java:72)
	at org.mule.lifecycle.MuleContextLifecycleManager.fireLifecycle(MuleContextLifecycleManager.java:64)
	at org.mule.DefaultMuleContext.start(DefaultMuleContext.java:250)
	at org.mule.module.launcher.application.DefaultMuleApplication.start(DefaultMuleApplication.java:151)
	at org.mule.module.launcher.application.ApplicationWrapper.start(ApplicationWrapper.java:107)
	at org.mule.module.launcher.DefaultMuleDeployer.deploy(DefaultMuleDeployer.java:47)
	at org.mule.tooling.server.application.ApplicationDeployer.run(ApplicationDeployer.java:56)
	at org.mule.tooling.server.application.ApplicationDeployer.main(ApplicationDeployer.java:88)
============= end nested exception, level (1) ===========
Cleanup action completed
